2014/09/19 13:14:39 [error] [exception.CDbException] exception 'CDbException' with message 'CDbConnection failed to open the DB connection: SQLSTATE[HY000] [1049] Unknown database 'testdrive'' in C:\wamp\www\yii\framework\db\CDbConnection.php:382
Stack trace:
#0 C:\wamp\www\yii\framework\db\CDbConnection.php(330): CDbConnection->open()
#1 C:\wamp\www\yii\framework\db\CDbConnection.php(308): CDbConnection->setActive(true)
#2 C:\wamp\www\yii\framework\base\CModule.php(387): CDbConnection->init()
#3 C:\wamp\www\yii\framework\base\CModule.php(103): CModule->getComponent('db')
#4 C:\wamp\www\yii\framework\gii\generators\model\ModelCode.php(60): CModule->__get('db')
#5 C:\wamp\www\yii\framework\web\CFormModel.php(39): ModelCode->init()
#6 C:\wamp\www\yii\framework\gii\CCodeGenerator.php(153): CFormModel->__construct()
#7 C:\wamp\www\yii\framework\gii\CCodeGenerator.php(63): CCodeGenerator->prepare()
#8 C:\wamp\www\yii\framework\web\actions\CInlineAction.php(49): CCodeGenerator->actionIndex()
#9 C:\wamp\www\yii\framework\web\CController.php(308): CInlineAction->runWithParams(Array)
#10 C:\wamp\www\yii\framework\web\CController.php(286): CController->runAction(Object(CInlineAction))
#11 C:\wamp\www\yii\framework\web\CController.php(265): CController->runActionWithFilters(Object(CInlineAction), Array)
#12 C:\wamp\www\yii\framework\web\CWebApplication.php(282): CController->run('index')
#13 C:\wamp\www\yii\framework\web\CWebApplication.php(141): CWebApplication->runController('gii/model/index')
#14 C:\wamp\www\yii\framework\base\CApplication.php(180): CWebApplication->processRequest()
#15 C:\wamp\www\yii-validation\index.php(13): CApplication->run()
#16 {main}
REQUEST_URI=/yii-validation/gii/model/index
HTTP_REFERER=http://localhost/yii-validation/gii/default/index
---
2014/09/19 13:32:18 [error] [php] include(TbArray.php): failed to open stream: No such file or directory (C:\wamp\www\yii\framework\YiiBase.php:427)
Stack trace:
#0 C:\wamp\www\yii-validation\protected\extensions\bootstrap\helpers\TbHtml.php(3567): spl_autoload_call()
#1 C:\wamp\www\yii-validation\protected\extensions\bootstrap\widgets\TbHeroUnit.php(60): heroUnit()
#2 C:\wamp\www\yii\framework\web\CBaseController.php(206): TbHeroUnit->run()
#3 C:\wamp\www\yii-validation\themes\bootstrap\views\site\index.php(13): SiteController->endWidget()
#4 C:\wamp\www\yii\framework\web\CBaseController.php(126): require()
#5 C:\wamp\www\yii\framework\web\CBaseController.php(95): SiteController->renderInternal()
#6 C:\wamp\www\yii\framework\web\CController.php(869): SiteController->renderFile()
#7 C:\wamp\www\yii\framework\web\CController.php(782): SiteController->renderPartial()
#8 C:\wamp\www\yii-validation\protected\controllers\SiteController.php(32): SiteController->render()
#9 C:\wamp\www\yii\framework\web\actions\CInlineAction.php(49): SiteController->actionIndex()
#10 C:\wamp\www\yii\framework\web\CController.php(308): CInlineAction->runWithParams()
#11 C:\wamp\www\yii\framework\web\CController.php(286): SiteController->runAction()
#12 C:\wamp\www\yii\framework\web\CController.php(265): SiteController->runActionWithFilters()
#13 C:\wamp\www\yii\framework\web\CWebApplication.php(282): SiteController->run()
#14 C:\wamp\www\yii\framework\web\CWebApplication.php(141): CWebApplication->runController()
#15 C:\wamp\www\yii\framework\base\CApplication.php(180): CWebApplication->processRequest()
#16 C:\wamp\www\yii-validation\index.php(13): CWebApplication->run()
REQUEST_URI=/yii-validation/
in C:\wamp\www\yii-validation\protected\extensions\bootstrap\helpers\TbHtml.php (3567)
in C:\wamp\www\yii-validation\protected\extensions\bootstrap\widgets\TbHeroUnit.php (60)
in C:\wamp\www\yii-validation\themes\bootstrap\views\site\index.php (13)
2014/09/19 13:34:44 [error] [exception.CException] exception 'CException' with message 'Alias "bootstrap.widgets.TbMenu" is invalid. Make sure it points to an existing PHP file and the file is readable.' in C:\wamp\www\yii\framework\YiiBase.php:322
Stack trace:
#0 C:\wamp\www\yii\framework\web\CWidgetFactory.php(146): YiiBase::import('bootstrap.widge...', true)
#1 C:\wamp\www\yii\framework\web\CBaseController.php(146): CWidgetFactory->createWidget(Object(UsersController), 'bootstrap.widge...', Array)
#2 C:\wamp\www\yii\framework\web\CBaseController.php(172): CBaseController->createWidget('bootstrap.widge...', Array)
#3 C:\wamp\www\yii-validation\themes\bootstrap\views\layouts\column2.php(18): CBaseController->widget('bootstrap.widge...', Array)
#4 C:\wamp\www\yii\framework\web\CBaseController.php(126): require('C:\\wamp\\www\\yii...')
#5 C:\wamp\www\yii\framework\web\CBaseController.php(95): CBaseController->renderInternal('C:\\wamp\\www\\yii...', Array, true)
#6 C:\wamp\www\yii\framework\web\CController.php(784): CBaseController->renderFile('C:\\wamp\\www\\yii...', Array, true)
#7 C:\wamp\www\yii-validation\protected\controllers\UsersController.php(143): CController->render('admin', Array)
#8 C:\wamp\www\yii\framework\web\actions\CInlineAction.php(49): UsersController->actionAdmin()
#9 C:\wamp\www\yii\framework\web\CController.php(308): CInlineAction->runWithParams(Array)
#10 C:\wamp\www\yii\framework\web\filters\CFilterChain.php(133): CController->runAction(Object(CInlineAction))
#11 C:\wamp\www\yii\framework\web\filters\CFilter.php(40): CFilterChain->run()
#12 C:\wamp\www\yii\framework\web\CController.php(1145): CFilter->filter(Object(CFilterChain))
#13 C:\wamp\www\yii\framework\web\filters\CInlineFilter.php(58): CController->filterAccessControl(Object(CFilterChain))
#14 C:\wamp\www\yii\framework\web\filters\CFilterChain.php(130): CInlineFilter->filter(Object(CFilterChain))
#15 C:\wamp\www\yii\framework\web\CController.php(291): CFilterChain->run()
#16 C:\wamp\www\yii\framework\web\CController.php(265): CController->runActionWithFilters(Object(CInlineAction), Array)
#17 C:\wamp\www\yii\framework\web\CWebApplication.php(282): CController->run('admin')
#18 C:\wamp\www\yii\framework\web\CWebApplication.php(141): CWebApplication->runController('users/admin')
#19 C:\wamp\www\yii\framework\base\CApplication.php(180): CWebApplication->processRequest()
#20 C:\wamp\www\yii-validation\index.php(13): CApplication->run()
#21 {main}
REQUEST_URI=/yii-validation/users/admin
---
2014/09/19 13:35:22 [error] [exception.CException] exception 'CException' with message 'Alias "bootstrap.widgets.TbMenu" is invalid. Make sure it points to an existing PHP file and the file is readable.' in C:\wamp\www\yii\framework\YiiBase.php:322
Stack trace:
#0 C:\wamp\www\yii\framework\web\CWidgetFactory.php(146): YiiBase::import('bootstrap.widge...', true)
#1 C:\wamp\www\yii\framework\web\CBaseController.php(146): CWidgetFactory->createWidget(Object(UsersController), 'bootstrap.widge...', Array)
#2 C:\wamp\www\yii\framework\web\CBaseController.php(172): CBaseController->createWidget('bootstrap.widge...', Array)
#3 C:\wamp\www\yii-validation\themes\bootstrap\views\layouts\column2.php(18): CBaseController->widget('bootstrap.widge...', Array)
#4 C:\wamp\www\yii\framework\web\CBaseController.php(126): require('C:\\wamp\\www\\yii...')
#5 C:\wamp\www\yii\framework\web\CBaseController.php(95): CBaseController->renderInternal('C:\\wamp\\www\\yii...', Array, true)
#6 C:\wamp\www\yii\framework\web\CController.php(784): CBaseController->renderFile('C:\\wamp\\www\\yii...', Array, true)
#7 C:\wamp\www\yii-validation\protected\controllers\UsersController.php(143): CController->render('admin', Array)
#8 C:\wamp\www\yii\framework\web\actions\CInlineAction.php(49): UsersController->actionAdmin()
#9 C:\wamp\www\yii\framework\web\CController.php(308): CInlineAction->runWithParams(Array)
#10 C:\wamp\www\yii\framework\web\filters\CFilterChain.php(133): CController->runAction(Object(CInlineAction))
#11 C:\wamp\www\yii\framework\web\filters\CFilter.php(40): CFilterChain->run()
#12 C:\wamp\www\yii\framework\web\CController.php(1145): CFilter->filter(Object(CFilterChain))
#13 C:\wamp\www\yii\framework\web\filters\CInlineFilter.php(58): CController->filterAccessControl(Object(CFilterChain))
#14 C:\wamp\www\yii\framework\web\filters\CFilterChain.php(130): CInlineFilter->filter(Object(CFilterChain))
#15 C:\wamp\www\yii\framework\web\CController.php(291): CFilterChain->run()
#16 C:\wamp\www\yii\framework\web\CController.php(265): CController->runActionWithFilters(Object(CInlineAction), Array)
#17 C:\wamp\www\yii\framework\web\CWebApplication.php(282): CController->run('admin')
#18 C:\wamp\www\yii\framework\web\CWebApplication.php(141): CWebApplication->runController('users/admin')
#19 C:\wamp\www\yii\framework\base\CApplication.php(180): CWebApplication->processRequest()
#20 C:\wamp\www\yii-validation\index.php(13): CApplication->run()
#21 {main}
REQUEST_URI=/yii-validation/users/admin
---
2014/09/19 13:52:07 [error] [exception.CHttpException.404] exception 'CHttpException' with message 'Unable to resolve the request "themes/bootstrap/css/pager.css".' in C:\wamp\www\yii\framework\web\CWebApplication.php:286
Stack trace:
#0 C:\wamp\www\yii\framework\web\CWebApplication.php(141): CWebApplication->runController('themes/bootstra...')
#1 C:\wamp\www\yii\framework\base\CApplication.php(180): CWebApplication->processRequest()
#2 C:\wamp\www\yii-validation\index.php(13): CApplication->run()
#3 {main}
REQUEST_URI=/yii-validation/themes/bootstrap/css/pager.css
HTTP_REFERER=http://localhost/yii-validation/users/admin
---
2014/09/19 13:52:07 [error] [exception.CHttpException.404] exception 'CHttpException' with message 'Unable to resolve the request "themes/bootstrap/css/gridview/styles.css".' in C:\wamp\www\yii\framework\web\CWebApplication.php:286
Stack trace:
#0 C:\wamp\www\yii\framework\web\CWebApplication.php(141): CWebApplication->runController('themes/bootstra...')
#1 C:\wamp\www\yii\framework\base\CApplication.php(180): CWebApplication->processRequest()
#2 C:\wamp\www\yii-validation\index.php(13): CApplication->run()
#3 {main}
REQUEST_URI=/yii-validation/themes/bootstrap/css/gridview/styles.css
HTTP_REFERER=http://localhost/yii-validation/users/admin
---
2014/09/19 13:52:07 [error] [exception.CHttpException.404] exception 'CHttpException' with message 'Unable to resolve the request "themes/lib/bootstrap/less/mixins.less".' in C:\wamp\www\yii\framework\web\CWebApplication.php:286
Stack trace:
#0 C:\wamp\www\yii\framework\web\CWebApplication.php(141): CWebApplication->runController('themes/lib/boot...')
#1 C:\wamp\www\yii\framework\base\CApplication.php(180): CWebApplication->processRequest()
#2 C:\wamp\www\yii-validation\index.php(13): CApplication->run()
#3 {main}
REQUEST_URI=/yii-validation/themes/lib/bootstrap/less/mixins.less
HTTP_REFERER=http://localhost/yii-validation/users/admin
---
2014/09/19 13:52:13 [error] [exception.CHttpException.404] exception 'CHttpException' with message 'Unable to resolve the request "themes/bootstrap/css/gridview/styles.css".' in C:\wamp\www\yii\framework\web\CWebApplication.php:286
Stack trace:
#0 C:\wamp\www\yii\framework\web\CWebApplication.php(141): CWebApplication->runController('themes/bootstra...')
#1 C:\wamp\www\yii\framework\base\CApplication.php(180): CWebApplication->processRequest()
#2 C:\wamp\www\yii-validation\index.php(13): CApplication->run()
#3 {main}
REQUEST_URI=/yii-validation/themes/bootstrap/css/gridview/styles.css
HTTP_REFERER=http://localhost/yii-validation/users/admin
---
2014/09/19 13:52:13 [error] [exception.CHttpException.404] exception 'CHttpException' with message 'Unable to resolve the request "themes/lib/bootstrap/less/mixins.less".' in C:\wamp\www\yii\framework\web\CWebApplication.php:286
Stack trace:
#0 C:\wamp\www\yii\framework\web\CWebApplication.php(141): CWebApplication->runController('themes/lib/boot...')
#1 C:\wamp\www\yii\framework\base\CApplication.php(180): CWebApplication->processRequest()
#2 C:\wamp\www\yii-validation\index.php(13): CApplication->run()
#3 {main}
REQUEST_URI=/yii-validation/themes/lib/bootstrap/less/mixins.less
HTTP_REFERER=http://localhost/yii-validation/users/admin
---
2014/09/19 13:52:13 [error] [exception.CHttpException.404] exception 'CHttpException' with message 'Unable to resolve the request "themes/bootstrap/css/pager.css".' in C:\wamp\www\yii\framework\web\CWebApplication.php:286
Stack trace:
#0 C:\wamp\www\yii\framework\web\CWebApplication.php(141): CWebApplication->runController('themes/bootstra...')
#1 C:\wamp\www\yii\framework\base\CApplication.php(180): CWebApplication->processRequest()
#2 C:\wamp\www\yii-validation\index.php(13): CApplication->run()
#3 {main}
REQUEST_URI=/yii-validation/themes/bootstrap/css/pager.css
HTTP_REFERER=http://localhost/yii-validation/users/admin
---
2014/09/19 13:54:17 [error] [exception.CHttpException.404] exception 'CHttpException' with message 'Unable to resolve the request "themes/bootstrap/css/pager.css".' in C:\wamp\www\yii\framework\web\CWebApplication.php:286
Stack trace:
#0 C:\wamp\www\yii\framework\web\CWebApplication.php(141): CWebApplication->runController('themes/bootstra...')
#1 C:\wamp\www\yii\framework\base\CApplication.php(180): CWebApplication->processRequest()
#2 C:\wamp\www\yii-validation\index.php(13): CApplication->run()
#3 {main}
REQUEST_URI=/yii-validation/themes/bootstrap/css/pager.css
HTTP_REFERER=http://localhost/yii-validation/users/admin
---
2014/09/19 13:54:17 [error] [exception.CHttpException.404] exception 'CHttpException' with message 'Unable to resolve the request "themes/bootstrap/css/gridview/styles.css".' in C:\wamp\www\yii\framework\web\CWebApplication.php:286
Stack trace:
#0 C:\wamp\www\yii\framework\web\CWebApplication.php(141): CWebApplication->runController('themes/bootstra...')
#1 C:\wamp\www\yii\framework\base\CApplication.php(180): CWebApplication->processRequest()
#2 C:\wamp\www\yii-validation\index.php(13): CApplication->run()
#3 {main}
REQUEST_URI=/yii-validation/themes/bootstrap/css/gridview/styles.css
HTTP_REFERER=http://localhost/yii-validation/users/admin
---
2014/09/19 13:54:17 [error] [exception.CHttpException.404] exception 'CHttpException' with message 'Unable to resolve the request "themes/lib/bootstrap/less/mixins.less".' in C:\wamp\www\yii\framework\web\CWebApplication.php:286
Stack trace:
#0 C:\wamp\www\yii\framework\web\CWebApplication.php(141): CWebApplication->runController('themes/lib/boot...')
#1 C:\wamp\www\yii\framework\base\CApplication.php(180): CWebApplication->processRequest()
#2 C:\wamp\www\yii-validation\index.php(13): CApplication->run()
#3 {main}
REQUEST_URI=/yii-validation/themes/lib/bootstrap/less/mixins.less
HTTP_REFERER=http://localhost/yii-validation/users/admin
---
2014/09/19 13:55:38 [error] [exception.CHttpException.404] exception 'CHttpException' with message 'Unable to resolve the request "themes/lib/bootstrap/less/mixins.less".' in C:\wamp\www\yii\framework\web\CWebApplication.php:286
Stack trace:
#0 C:\wamp\www\yii\framework\web\CWebApplication.php(141): CWebApplication->runController('themes/lib/boot...')
#1 C:\wamp\www\yii\framework\base\CApplication.php(180): CWebApplication->processRequest()
#2 C:\wamp\www\yii-validation\index.php(13): CApplication->run()
#3 {main}
REQUEST_URI=/yii-validation/themes/lib/bootstrap/less/mixins.less
HTTP_REFERER=http://localhost/yii-validation/users/admin
---
2014/09/19 13:59:29 [error] [exception.CHttpException.404] exception 'CHttpException' with message 'Unable to resolve the request "assets/lib/bootstrap/less/mixins.less".' in C:\wamp\www\yii\framework\web\CWebApplication.php:286
Stack trace:
#0 C:\wamp\www\yii\framework\web\CWebApplication.php(141): CWebApplication->runController('assets/lib/boot...')
#1 C:\wamp\www\yii\framework\base\CApplication.php(180): CWebApplication->processRequest()
#2 C:\wamp\www\yii-validation\index.php(13): CApplication->run()
#3 {main}
REQUEST_URI=/yii-validation/assets/lib/bootstrap/less/mixins.less
HTTP_REFERER=http://localhost/yii-validation/site/login
---
2014/09/19 13:59:38 [error] [exception.CHttpException.404] exception 'CHttpException' with message 'Unable to resolve the request "assets/lib/bootstrap/less/mixins.less".' in C:\wamp\www\yii\framework\web\CWebApplication.php:286
Stack trace:
#0 C:\wamp\www\yii\framework\web\CWebApplication.php(141): CWebApplication->runController('assets/lib/boot...')
#1 C:\wamp\www\yii\framework\base\CApplication.php(180): CWebApplication->processRequest()
#2 C:\wamp\www\yii-validation\index.php(13): CApplication->run()
#3 {main}
REQUEST_URI=/yii-validation/assets/lib/bootstrap/less/mixins.less
HTTP_REFERER=http://localhost/yii-validation/users/admin
---
2014/09/19 14:01:49 [error] [exception.CHttpException.404] exception 'CHttpException' with message 'Unable to resolve the request "assets/lib/bootstrap/less/mixins.less".' in C:\wamp\www\yii\framework\web\CWebApplication.php:286
Stack trace:
#0 C:\wamp\www\yii\framework\web\CWebApplication.php(141): CWebApplication->runController('assets/lib/boot...')
#1 C:\wamp\www\yii\framework\base\CApplication.php(180): CWebApplication->processRequest()
#2 C:\wamp\www\yii-validation\index.php(13): CApplication->run()
#3 {main}
REQUEST_URI=/yii-validation/assets/lib/bootstrap/less/mixins.less
HTTP_REFERER=http://localhost/yii-validation/users
---
2014/09/19 14:01:53 [error] [exception.CHttpException.404] exception 'CHttpException' with message 'Unable to resolve the request "assets/lib/bootstrap/less/mixins.less".' in C:\wamp\www\yii\framework\web\CWebApplication.php:286
Stack trace:
#0 C:\wamp\www\yii\framework\web\CWebApplication.php(141): CWebApplication->runController('assets/lib/boot...')
#1 C:\wamp\www\yii\framework\base\CApplication.php(180): CWebApplication->processRequest()
#2 C:\wamp\www\yii-validation\index.php(13): CApplication->run()
#3 {main}
REQUEST_URI=/yii-validation/assets/lib/bootstrap/less/mixins.less
HTTP_REFERER=http://localhost/yii-validation/users/admin
---
2014/09/19 14:03:06 [error] [exception.CHttpException.404] exception 'CHttpException' with message 'Unable to resolve the request "assets/lib/bootstrap/less/mixins.less".' in C:\wamp\www\yii\framework\web\CWebApplication.php:286
Stack trace:
#0 C:\wamp\www\yii\framework\web\CWebApplication.php(141): CWebApplication->runController('assets/lib/boot...')
#1 C:\wamp\www\yii\framework\base\CApplication.php(180): CWebApplication->processRequest()
#2 C:\wamp\www\yii-validation\index.php(13): CApplication->run()
#3 {main}
REQUEST_URI=/yii-validation/assets/lib/bootstrap/less/mixins.less
HTTP_REFERER=http://localhost/yii-validation/users/create
---
2014/09/19 14:05:40 [error] [exception.CHttpException.404] exception 'CHttpException' with message 'Unable to resolve the request "assets/lib/bootstrap/less/mixins.less".' in C:\wamp\www\yii\framework\web\CWebApplication.php:286
Stack trace:
#0 C:\wamp\www\yii\framework\web\CWebApplication.php(141): CWebApplication->runController('assets/lib/boot...')
#1 C:\wamp\www\yii\framework\base\CApplication.php(180): CWebApplication->processRequest()
#2 C:\wamp\www\yii-validation\index.php(13): CApplication->run()
#3 {main}
REQUEST_URI=/yii-validation/assets/lib/bootstrap/less/mixins.less
HTTP_REFERER=http://localhost/yii-validation/users/create
---
2014/09/19 14:05:43 [error] [exception.CHttpException.404] exception 'CHttpException' with message 'Unable to resolve the request "assets/lib/bootstrap/less/mixins.less".' in C:\wamp\www\yii\framework\web\CWebApplication.php:286
Stack trace:
#0 C:\wamp\www\yii\framework\web\CWebApplication.php(141): CWebApplication->runController('assets/lib/boot...')
#1 C:\wamp\www\yii\framework\base\CApplication.php(180): CWebApplication->processRequest()
#2 C:\wamp\www\yii-validation\index.php(13): CApplication->run()
#3 {main}
REQUEST_URI=/yii-validation/assets/lib/bootstrap/less/mixins.less
HTTP_REFERER=http://localhost/yii-validation/users/admin
---
2014/09/19 14:05:44 [error] [exception.CHttpException.404] exception 'CHttpException' with message 'Unable to resolve the request "assets/lib/bootstrap/less/mixins.less".' in C:\wamp\www\yii\framework\web\CWebApplication.php:286
Stack trace:
#0 C:\wamp\www\yii\framework\web\CWebApplication.php(141): CWebApplication->runController('assets/lib/boot...')
#1 C:\wamp\www\yii\framework\base\CApplication.php(180): CWebApplication->processRequest()
#2 C:\wamp\www\yii-validation\index.php(13): CApplication->run()
#3 {main}
REQUEST_URI=/yii-validation/assets/lib/bootstrap/less/mixins.less
HTTP_REFERER=http://localhost/yii-validation/users/create
---
2014/09/19 14:05:50 [error] [exception.CHttpException.404] exception 'CHttpException' with message 'Unable to resolve the request "assets/lib/bootstrap/less/mixins.less".' in C:\wamp\www\yii\framework\web\CWebApplication.php:286
Stack trace:
#0 C:\wamp\www\yii\framework\web\CWebApplication.php(141): CWebApplication->runController('assets/lib/boot...')
#1 C:\wamp\www\yii\framework\base\CApplication.php(180): CWebApplication->processRequest()
#2 C:\wamp\www\yii-validation\index.php(13): CApplication->run()
#3 {main}
REQUEST_URI=/yii-validation/assets/lib/bootstrap/less/mixins.less
HTTP_REFERER=http://localhost/yii-validation/users/create
---
2014/09/19 14:06:13 [error] [exception.CHttpException.404] exception 'CHttpException' with message 'Unable to resolve the request "assets/lib/bootstrap/less/mixins.less".' in C:\wamp\www\yii\framework\web\CWebApplication.php:286
Stack trace:
#0 C:\wamp\www\yii\framework\web\CWebApplication.php(141): CWebApplication->runController('assets/lib/boot...')
#1 C:\wamp\www\yii\framework\base\CApplication.php(180): CWebApplication->processRequest()
#2 C:\wamp\www\yii-validation\index.php(13): CApplication->run()
#3 {main}
REQUEST_URI=/yii-validation/assets/lib/bootstrap/less/mixins.less
HTTP_REFERER=http://localhost/yii-validation/users/create
---
2014/09/19 14:09:03 [error] [exception.CHttpException.404] exception 'CHttpException' with message 'Unable to resolve the request "assets/lib/bootstrap/less/mixins.less".' in C:\wamp\www\yii\framework\web\CWebApplication.php:286
Stack trace:
#0 C:\wamp\www\yii\framework\web\CWebApplication.php(141): CWebApplication->runController('assets/lib/boot...')
#1 C:\wamp\www\yii\framework\base\CApplication.php(180): CWebApplication->processRequest()
#2 C:\wamp\www\yii-validation\index.php(13): CApplication->run()
#3 {main}
REQUEST_URI=/yii-validation/assets/lib/bootstrap/less/mixins.less
HTTP_REFERER=http://localhost/yii-validation/users/create
---
2014/09/19 14:11:53 [error] [exception.CHttpException.404] exception 'CHttpException' with message 'Unable to resolve the request "assets/lib/bootstrap/less/mixins.less".' in C:\wamp\www\yii\framework\web\CWebApplication.php:286
Stack trace:
#0 C:\wamp\www\yii\framework\web\CWebApplication.php(141): CWebApplication->runController('assets/lib/boot...')
#1 C:\wamp\www\yii\framework\base\CApplication.php(180): CWebApplication->processRequest()
#2 C:\wamp\www\yii-validation\index.php(13): CApplication->run()
#3 {main}
REQUEST_URI=/yii-validation/assets/lib/bootstrap/less/mixins.less
HTTP_REFERER=http://localhost/yii-validation/users/create
---
2014/09/19 14:12:07 [error] [exception.CHttpException.404] exception 'CHttpException' with message 'Unable to resolve the request "assets/lib/bootstrap/less/mixins.less".' in C:\wamp\www\yii\framework\web\CWebApplication.php:286
Stack trace:
#0 C:\wamp\www\yii\framework\web\CWebApplication.php(141): CWebApplication->runController('assets/lib/boot...')
#1 C:\wamp\www\yii\framework\base\CApplication.php(180): CWebApplication->processRequest()
#2 C:\wamp\www\yii-validation\index.php(13): CApplication->run()
#3 {main}
REQUEST_URI=/yii-validation/assets/lib/bootstrap/less/mixins.less
HTTP_REFERER=http://localhost/yii-validation/users/admin
---
2014/09/19 14:12:17 [error] [exception.CHttpException.404] exception 'CHttpException' with message 'Unable to resolve the request "assets/lib/bootstrap/less/mixins.less".' in C:\wamp\www\yii\framework\web\CWebApplication.php:286
Stack trace:
#0 C:\wamp\www\yii\framework\web\CWebApplication.php(141): CWebApplication->runController('assets/lib/boot...')
#1 C:\wamp\www\yii\framework\base\CApplication.php(180): CWebApplication->processRequest()
#2 C:\wamp\www\yii-validation\index.php(13): CApplication->run()
#3 {main}
REQUEST_URI=/yii-validation/assets/lib/bootstrap/less/mixins.less
HTTP_REFERER=http://localhost/yii-validation/users/admin?Users_page=5
---
2014/09/19 14:12:23 [error] [exception.CHttpException.404] exception 'CHttpException' with message 'Unable to resolve the request "assets/lib/bootstrap/less/mixins.less".' in C:\wamp\www\yii\framework\web\CWebApplication.php:286
Stack trace:
#0 C:\wamp\www\yii\framework\web\CWebApplication.php(141): CWebApplication->runController('assets/lib/boot...')
#1 C:\wamp\www\yii\framework\base\CApplication.php(180): CWebApplication->processRequest()
#2 C:\wamp\www\yii-validation\index.php(13): CApplication->run()
#3 {main}
REQUEST_URI=/yii-validation/assets/lib/bootstrap/less/mixins.less
HTTP_REFERER=http://localhost/yii-validation/users/index
---
2014/09/19 14:12:29 [error] [exception.CHttpException.404] exception 'CHttpException' with message 'Unable to resolve the request "assets/lib/bootstrap/less/mixins.less".' in C:\wamp\www\yii\framework\web\CWebApplication.php:286
Stack trace:
#0 C:\wamp\www\yii\framework\web\CWebApplication.php(141): CWebApplication->runController('assets/lib/boot...')
#1 C:\wamp\www\yii\framework\base\CApplication.php(180): CWebApplication->processRequest()
#2 C:\wamp\www\yii-validation\index.php(13): CApplication->run()
#3 {main}
REQUEST_URI=/yii-validation/assets/lib/bootstrap/less/mixins.less
HTTP_REFERER=http://localhost/yii-validation/site/index
---
2014/09/19 14:12:30 [error] [exception.CHttpException.404] exception 'CHttpException' with message 'Unable to resolve the request "assets/lib/bootstrap/less/mixins.less".' in C:\wamp\www\yii\framework\web\CWebApplication.php:286
Stack trace:
#0 C:\wamp\www\yii\framework\web\CWebApplication.php(141): CWebApplication->runController('assets/lib/boot...')
#1 C:\wamp\www\yii\framework\base\CApplication.php(180): CWebApplication->processRequest()
#2 C:\wamp\www\yii-validation\index.php(13): CApplication->run()
#3 {main}
REQUEST_URI=/yii-validation/assets/lib/bootstrap/less/mixins.less
HTTP_REFERER=http://localhost/yii-validation/site/page?view=about
---
2014/09/19 14:12:32 [error] [exception.CHttpException.404] exception 'CHttpException' with message 'Unable to resolve the request "assets/lib/bootstrap/less/mixins.less".' in C:\wamp\www\yii\framework\web\CWebApplication.php:286
Stack trace:
#0 C:\wamp\www\yii\framework\web\CWebApplication.php(141): CWebApplication->runController('assets/lib/boot...')
#1 C:\wamp\www\yii\framework\base\CApplication.php(180): CWebApplication->processRequest()
#2 C:\wamp\www\yii-validation\index.php(13): CApplication->run()
#3 {main}
REQUEST_URI=/yii-validation/assets/lib/bootstrap/less/mixins.less
HTTP_REFERER=http://localhost/yii-validation/site/contact
---
2014/09/19 14:12:55 [error] [exception.CHttpException.404] exception 'CHttpException' with message 'Unable to resolve the request "assets/lib/bootstrap/less/mixins.less".' in C:\wamp\www\yii\framework\web\CWebApplication.php:286
Stack trace:
#0 C:\wamp\www\yii\framework\web\CWebApplication.php(141): CWebApplication->runController('assets/lib/boot...')
#1 C:\wamp\www\yii\framework\base\CApplication.php(180): CWebApplication->processRequest()
#2 C:\wamp\www\yii-validation\index.php(13): CApplication->run()
#3 {main}
REQUEST_URI=/yii-validation/assets/lib/bootstrap/less/mixins.less
HTTP_REFERER=http://localhost/yii-validation/site/contact
---
2014/09/19 14:13:06 [error] [exception.CHttpException.404] exception 'CHttpException' with message 'Unable to resolve the request "assets/lib/bootstrap/less/mixins.less".' in C:\wamp\www\yii\framework\web\CWebApplication.php:286
Stack trace:
#0 C:\wamp\www\yii\framework\web\CWebApplication.php(141): CWebApplication->runController('assets/lib/boot...')
#1 C:\wamp\www\yii\framework\base\CApplication.php(180): CWebApplication->processRequest()
#2 C:\wamp\www\yii-validation\index.php(13): CApplication->run()
#3 {main}
REQUEST_URI=/yii-validation/assets/lib/bootstrap/less/mixins.less
HTTP_REFERER=http://localhost/yii-validation/users/admin
---
2014/09/19 14:14:13 [error] [exception.CHttpException.404] exception 'CHttpException' with message 'Unable to resolve the request "assets/lib/bootstrap/less/mixins.less".' in C:\wamp\www\yii\framework\web\CWebApplication.php:286
Stack trace:
#0 C:\wamp\www\yii\framework\web\CWebApplication.php(141): CWebApplication->runController('assets/lib/boot...')
#1 C:\wamp\www\yii\framework\base\CApplication.php(180): CWebApplication->processRequest()
#2 C:\wamp\www\yii-validation\index.php(13): CApplication->run()
#3 {main}
REQUEST_URI=/yii-validation/assets/lib/bootstrap/less/mixins.less
HTTP_REFERER=http://localhost/yii-validation/users/admin
---
2014/09/19 14:14:20 [error] [exception.CHttpException.404] exception 'CHttpException' with message 'Unable to resolve the request "assets/lib/bootstrap/less/mixins.less".' in C:\wamp\www\yii\framework\web\CWebApplication.php:286
Stack trace:
#0 C:\wamp\www\yii\framework\web\CWebApplication.php(141): CWebApplication->runController('assets/lib/boot...')
#1 C:\wamp\www\yii\framework\base\CApplication.php(180): CWebApplication->processRequest()
#2 C:\wamp\www\yii-validation\index.php(13): CApplication->run()
#3 {main}
REQUEST_URI=/yii-validation/assets/lib/bootstrap/less/mixins.less
HTTP_REFERER=http://localhost/yii-validation/users/create
---
2014/09/19 14:15:10 [error] [exception.CHttpException.404] exception 'CHttpException' with message 'Unable to resolve the request "assets/lib/bootstrap/less/mixins.less".' in C:\wamp\www\yii\framework\web\CWebApplication.php:286
Stack trace:
#0 C:\wamp\www\yii\framework\web\CWebApplication.php(141): CWebApplication->runController('assets/lib/boot...')
#1 C:\wamp\www\yii\framework\base\CApplication.php(180): CWebApplication->processRequest()
#2 C:\wamp\www\yii-validation\index.php(13): CApplication->run()
#3 {main}
REQUEST_URI=/yii-validation/assets/lib/bootstrap/less/mixins.less
HTTP_REFERER=http://localhost/yii-validation/users/create
---
2014/09/19 14:17:27 [error] [exception.CHttpException.404] exception 'CHttpException' with message 'Unable to resolve the request "assets/lib/bootstrap/less/mixins.less".' in C:\wamp\www\yii\framework\web\CWebApplication.php:286
Stack trace:
#0 C:\wamp\www\yii\framework\web\CWebApplication.php(141): CWebApplication->runController('assets/lib/boot...')
#1 C:\wamp\www\yii\framework\base\CApplication.php(180): CWebApplication->processRequest()
#2 C:\wamp\www\yii-validation\index.php(13): CApplication->run()
#3 {main}
REQUEST_URI=/yii-validation/assets/lib/bootstrap/less/mixins.less
HTTP_REFERER=http://localhost/yii-validation/users/create
---
2014/09/19 14:20:39 [error] [exception.CHttpException.404] exception 'CHttpException' with message 'Unable to resolve the request "assets/lib/bootstrap/less/mixins.less".' in C:\wamp\www\yii\framework\web\CWebApplication.php:286
Stack trace:
#0 C:\wamp\www\yii\framework\web\CWebApplication.php(141): CWebApplication->runController('assets/lib/boot...')
#1 C:\wamp\www\yii\framework\base\CApplication.php(180): CWebApplication->processRequest()
#2 C:\wamp\www\yii-validation\index.php(13): CApplication->run()
#3 {main}
REQUEST_URI=/yii-validation/assets/lib/bootstrap/less/mixins.less
HTTP_REFERER=http://localhost/yii-validation/users/create
---
2014/09/19 14:20:48 [error] [exception.CHttpException.404] exception 'CHttpException' with message 'Unable to resolve the request "assets/lib/bootstrap/less/mixins.less".' in C:\wamp\www\yii\framework\web\CWebApplication.php:286
Stack trace:
#0 C:\wamp\www\yii\framework\web\CWebApplication.php(141): CWebApplication->runController('assets/lib/boot...')
#1 C:\wamp\www\yii\framework\base\CApplication.php(180): CWebApplication->processRequest()
#2 C:\wamp\www\yii-validation\index.php(13): CApplication->run()
#3 {main}
REQUEST_URI=/yii-validation/assets/lib/bootstrap/less/mixins.less
HTTP_REFERER=http://localhost/yii-validation/users/create
---
2014/09/19 14:22:10 [error] [exception.CHttpException.404] exception 'CHttpException' with message 'Unable to resolve the request "assets/lib/bootstrap/less/mixins.less".' in C:\wamp\www\yii\framework\web\CWebApplication.php:286
Stack trace:
#0 C:\wamp\www\yii\framework\web\CWebApplication.php(141): CWebApplication->runController('assets/lib/boot...')
#1 C:\wamp\www\yii\framework\base\CApplication.php(180): CWebApplication->processRequest()
#2 C:\wamp\www\yii-validation\index.php(13): CApplication->run()
#3 {main}
REQUEST_URI=/yii-validation/assets/lib/bootstrap/less/mixins.less
HTTP_REFERER=http://localhost/yii-validation/users/create
---
2014/09/19 14:22:26 [error] [exception.CHttpException.404] exception 'CHttpException' with message 'Unable to resolve the request "assets/lib/bootstrap/less/mixins.less".' in C:\wamp\www\yii\framework\web\CWebApplication.php:286
Stack trace:
#0 C:\wamp\www\yii\framework\web\CWebApplication.php(141): CWebApplication->runController('assets/lib/boot...')
#1 C:\wamp\www\yii\framework\base\CApplication.php(180): CWebApplication->processRequest()
#2 C:\wamp\www\yii-validation\index.php(13): CApplication->run()
#3 {main}
REQUEST_URI=/yii-validation/assets/lib/bootstrap/less/mixins.less
HTTP_REFERER=http://localhost/yii-validation/users/create
---
2014/09/19 14:25:02 [error] [exception.CHttpException.404] exception 'CHttpException' with message 'The system is unable to find the requested action "users".' in C:\wamp\www\yii\framework\web\CController.php:483
Stack trace:
#0 C:\wamp\www\yii\framework\web\CController.php(270): CController->missingAction('users')
#1 C:\wamp\www\yii\framework\web\CWebApplication.php(282): CController->run('users')
#2 C:\wamp\www\yii\framework\web\CWebApplication.php(141): CWebApplication->runController('users/users/cre...')
#3 C:\wamp\www\yii\framework\base\CApplication.php(180): CWebApplication->processRequest()
#4 C:\wamp\www\yii-validation\index.php(13): CApplication->run()
#5 {main}
REQUEST_URI=/yii-validation/users/users/create
HTTP_REFERER=http://localhost/yii-validation/users/create
---
2014/09/19 14:25:02 [error] [exception.CHttpException.404] exception 'CHttpException' with message 'Unable to resolve the request "assets/lib/bootstrap/less/mixins.less".' in C:\wamp\www\yii\framework\web\CWebApplication.php:286
Stack trace:
#0 C:\wamp\www\yii\framework\web\CWebApplication.php(141): CWebApplication->runController('assets/lib/boot...')
#1 C:\wamp\www\yii\framework\base\CApplication.php(180): CWebApplication->processRequest()
#2 C:\wamp\www\yii-validation\index.php(13): CApplication->run()
#3 {main}
REQUEST_URI=/yii-validation/assets/lib/bootstrap/less/mixins.less
HTTP_REFERER=http://localhost/yii-validation/users/users/create
---
2014/09/19 14:25:31 [error] [exception.CHttpException.404] exception 'CHttpException' with message 'The system is unable to find the requested action "users".' in C:\wamp\www\yii\framework\web\CController.php:483
Stack trace:
#0 C:\wamp\www\yii\framework\web\CController.php(270): CController->missingAction('users')
#1 C:\wamp\www\yii\framework\web\CWebApplication.php(282): CController->run('users')
#2 C:\wamp\www\yii\framework\web\CWebApplication.php(141): CWebApplication->runController('users/users/cre...')
#3 C:\wamp\www\yii\framework\base\CApplication.php(180): CWebApplication->processRequest()
#4 C:\wamp\www\yii-validation\index.php(13): CApplication->run()
#5 {main}
REQUEST_URI=/yii-validation/users/users/create
HTTP_REFERER=http://localhost/yii-validation/users/create
---
2014/09/19 14:25:31 [error] [exception.CHttpException.404] exception 'CHttpException' with message 'Unable to resolve the request "assets/lib/bootstrap/less/mixins.less".' in C:\wamp\www\yii\framework\web\CWebApplication.php:286
Stack trace:
#0 C:\wamp\www\yii\framework\web\CWebApplication.php(141): CWebApplication->runController('assets/lib/boot...')
#1 C:\wamp\www\yii\framework\base\CApplication.php(180): CWebApplication->processRequest()
#2 C:\wamp\www\yii-validation\index.php(13): CApplication->run()
#3 {main}
REQUEST_URI=/yii-validation/assets/lib/bootstrap/less/mixins.less
HTTP_REFERER=http://localhost/yii-validation/users/users/create
---
2014/09/19 14:25:47 [error] [exception.CHttpException.404] exception 'CHttpException' with message 'Unable to resolve the request "assets/lib/bootstrap/less/mixins.less".' in C:\wamp\www\yii\framework\web\CWebApplication.php:286
Stack trace:
#0 C:\wamp\www\yii\framework\web\CWebApplication.php(141): CWebApplication->runController('assets/lib/boot...')
#1 C:\wamp\www\yii\framework\base\CApplication.php(180): CWebApplication->processRequest()
#2 C:\wamp\www\yii-validation\index.php(13): CApplication->run()
#3 {main}
REQUEST_URI=/yii-validation/assets/lib/bootstrap/less/mixins.less
HTTP_REFERER=http://localhost/yii-validation/users/create
---
2014/09/19 14:25:51 [error] [exception.CHttpException.404] exception 'CHttpException' with message 'Unable to resolve the request "assets/lib/bootstrap/less/mixins.less".' in C:\wamp\www\yii\framework\web\CWebApplication.php:286
Stack trace:
#0 C:\wamp\www\yii\framework\web\CWebApplication.php(141): CWebApplication->runController('assets/lib/boot...')
#1 C:\wamp\www\yii\framework\base\CApplication.php(180): CWebApplication->processRequest()
#2 C:\wamp\www\yii-validation\index.php(13): CApplication->run()
#3 {main}
REQUEST_URI=/yii-validation/assets/lib/bootstrap/less/mixins.less
HTTP_REFERER=http://localhost/yii-validation/users/create
---
2014/09/19 14:26:25 [error] [exception.CHttpException.404] exception 'CHttpException' with message 'Unable to resolve the request "assets/lib/bootstrap/less/mixins.less".' in C:\wamp\www\yii\framework\web\CWebApplication.php:286
Stack trace:
#0 C:\wamp\www\yii\framework\web\CWebApplication.php(141): CWebApplication->runController('assets/lib/boot...')
#1 C:\wamp\www\yii\framework\base\CApplication.php(180): CWebApplication->processRequest()
#2 C:\wamp\www\yii-validation\index.php(13): CApplication->run()
#3 {main}
REQUEST_URI=/yii-validation/assets/lib/bootstrap/less/mixins.less
HTTP_REFERER=http://localhost/yii-validation/users/create
---
2014/09/19 14:26:47 [error] [exception.CHttpException.404] exception 'CHttpException' with message 'Unable to resolve the request "assets/lib/bootstrap/less/mixins.less".' in C:\wamp\www\yii\framework\web\CWebApplication.php:286
Stack trace:
#0 C:\wamp\www\yii\framework\web\CWebApplication.php(141): CWebApplication->runController('assets/lib/boot...')
#1 C:\wamp\www\yii\framework\base\CApplication.php(180): CWebApplication->processRequest()
#2 C:\wamp\www\yii-validation\index.php(13): CApplication->run()
#3 {main}
REQUEST_URI=/yii-validation/assets/lib/bootstrap/less/mixins.less
HTTP_REFERER=http://localhost/yii-validation/users/create
---
2014/09/19 14:27:00 [error] [exception.CHttpException.404] exception 'CHttpException' with message 'Unable to resolve the request "assets/lib/bootstrap/less/mixins.less".' in C:\wamp\www\yii\framework\web\CWebApplication.php:286
Stack trace:
#0 C:\wamp\www\yii\framework\web\CWebApplication.php(141): CWebApplication->runController('assets/lib/boot...')
#1 C:\wamp\www\yii\framework\base\CApplication.php(180): CWebApplication->processRequest()
#2 C:\wamp\www\yii-validation\index.php(13): CApplication->run()
#3 {main}
REQUEST_URI=/yii-validation/assets/lib/bootstrap/less/mixins.less
HTTP_REFERER=http://localhost/yii-validation/users/admin
---
2014/09/19 14:27:44 [error] [exception.CHttpException.404] exception 'CHttpException' with message 'Unable to resolve the request "assets/lib/bootstrap/less/mixins.less".' in C:\wamp\www\yii\framework\web\CWebApplication.php:286
Stack trace:
#0 C:\wamp\www\yii\framework\web\CWebApplication.php(141): CWebApplication->runController('assets/lib/boot...')
#1 C:\wamp\www\yii\framework\base\CApplication.php(180): CWebApplication->processRequest()
#2 C:\wamp\www\yii-validation\index.php(13): CApplication->run()
#3 {main}
REQUEST_URI=/yii-validation/assets/lib/bootstrap/less/mixins.less
HTTP_REFERER=http://localhost/yii-validation/users/index
---
2014/09/19 14:27:46 [error] [exception.CHttpException.404] exception 'CHttpException' with message 'Unable to resolve the request "assets/lib/bootstrap/less/mixins.less".' in C:\wamp\www\yii\framework\web\CWebApplication.php:286
Stack trace:
#0 C:\wamp\www\yii\framework\web\CWebApplication.php(141): CWebApplication->runController('assets/lib/boot...')
#1 C:\wamp\www\yii\framework\base\CApplication.php(180): CWebApplication->processRequest()
#2 C:\wamp\www\yii-validation\index.php(13): CApplication->run()
#3 {main}
REQUEST_URI=/yii-validation/assets/lib/bootstrap/less/mixins.less
HTTP_REFERER=http://localhost/yii-validation/users/create
---
2014/09/19 14:30:02 [error] [exception.CHttpException.404] exception 'CHttpException' with message 'Unable to resolve the request "assets/lib/bootstrap/less/mixins.less".' in C:\wamp\www\yii\framework\web\CWebApplication.php:286
Stack trace:
#0 C:\wamp\www\yii\framework\web\CWebApplication.php(141): CWebApplication->runController('assets/lib/boot...')
#1 C:\wamp\www\yii\framework\base\CApplication.php(180): CWebApplication->processRequest()
#2 C:\wamp\www\yii-validation\index.php(13): CApplication->run()
#3 {main}
REQUEST_URI=/yii-validation/assets/lib/bootstrap/less/mixins.less
HTTP_REFERER=http://localhost/yii-validation/users/create
---
2014/09/19 14:31:29 [error] [exception.CHttpException.404] exception 'CHttpException' with message 'Unable to resolve the request "assets/lib/bootstrap/less/mixins.less".' in C:\wamp\www\yii\framework\web\CWebApplication.php:286
Stack trace:
#0 C:\wamp\www\yii\framework\web\CWebApplication.php(141): CWebApplication->runController('assets/lib/boot...')
#1 C:\wamp\www\yii\framework\base\CApplication.php(180): CWebApplication->processRequest()
#2 C:\wamp\www\yii-validation\index.php(13): CApplication->run()
#3 {main}
REQUEST_URI=/yii-validation/assets/lib/bootstrap/less/mixins.less
HTTP_REFERER=http://localhost/yii-validation/users/create
---
2014/09/19 14:31:54 [error] [exception.CHttpException.403] exception 'CHttpException' with message 'You are not authorized to perform this action.' in C:\wamp\www\yii\framework\web\auth\CAccessControlFilter.php:182
Stack trace:
#0 C:\wamp\www\yii\framework\web\auth\CAccessControlFilter.php(145): CAccessControlFilter->accessDenied(Object(CWebUser), 'You are not aut...')
#1 C:\wamp\www\yii\framework\web\filters\CFilter.php(38): CAccessControlFilter->preFilter(Object(CFilterChain))
#2 C:\wamp\www\yii\framework\web\CController.php(1145): CFilter->filter(Object(CFilterChain))
#3 C:\wamp\www\yii\framework\web\filters\CInlineFilter.php(58): CController->filterAccessControl(Object(CFilterChain))
#4 C:\wamp\www\yii\framework\web\filters\CFilterChain.php(130): CInlineFilter->filter(Object(CFilterChain))
#5 C:\wamp\www\yii\framework\web\CController.php(291): CFilterChain->run()
#6 C:\wamp\www\yii\framework\web\CController.php(265): CController->runActionWithFilters(Object(CInlineAction), Array)
#7 C:\wamp\www\yii\framework\web\CWebApplication.php(282): CController->run('store')
#8 C:\wamp\www\yii\framework\web\CWebApplication.php(141): CWebApplication->runController('users/store')
#9 C:\wamp\www\yii\framework\base\CApplication.php(180): CWebApplication->processRequest()
#10 C:\wamp\www\yii-validation\index.php(13): CApplication->run()
#11 {main}
REQUEST_URI=/yii-validation/users/store
HTTP_REFERER=http://localhost/yii-validation/users/create
---
2014/09/19 14:31:54 [error] [exception.CHttpException.404] exception 'CHttpException' with message 'Unable to resolve the request "assets/lib/bootstrap/less/mixins.less".' in C:\wamp\www\yii\framework\web\CWebApplication.php:286
Stack trace:
#0 C:\wamp\www\yii\framework\web\CWebApplication.php(141): CWebApplication->runController('assets/lib/boot...')
#1 C:\wamp\www\yii\framework\base\CApplication.php(180): CWebApplication->processRequest()
#2 C:\wamp\www\yii-validation\index.php(13): CApplication->run()
#3 {main}
REQUEST_URI=/yii-validation/assets/lib/bootstrap/less/mixins.less
HTTP_REFERER=http://localhost/yii-validation/users/store
---
2014/09/19 14:32:22 [error] [exception.CException] exception 'CException' with message 'Property "Users.username" is not defined.' in C:\wamp\www\yii\framework\base\CComponent.php:173
Stack trace:
#0 C:\wamp\www\yii\framework\db\ar\CActiveRecord.php(161): CComponent->__set('username', 'oswaldo')
#1 C:\wamp\www\yii-validation\protected\controllers\UsersController.php(66): CActiveRecord->__set('username', 'oswaldo')
#2 C:\wamp\www\yii\framework\web\actions\CInlineAction.php(49): UsersController->actionStore()
#3 C:\wamp\www\yii\framework\web\CController.php(308): CInlineAction->runWithParams(Array)
#4 C:\wamp\www\yii\framework\web\filters\CFilterChain.php(133): CController->runAction(Object(CInlineAction))
#5 C:\wamp\www\yii\framework\web\filters\CFilter.php(40): CFilterChain->run()
#6 C:\wamp\www\yii\framework\web\CController.php(1145): CFilter->filter(Object(CFilterChain))
#7 C:\wamp\www\yii\framework\web\filters\CInlineFilter.php(58): CController->filterAccessControl(Object(CFilterChain))
#8 C:\wamp\www\yii\framework\web\filters\CFilterChain.php(130): CInlineFilter->filter(Object(CFilterChain))
#9 C:\wamp\www\yii\framework\web\CController.php(291): CFilterChain->run()
#10 C:\wamp\www\yii\framework\web\CController.php(265): CController->runActionWithFilters(Object(CInlineAction), Array)
#11 C:\wamp\www\yii\framework\web\CWebApplication.php(282): CController->run('store')
#12 C:\wamp\www\yii\framework\web\CWebApplication.php(141): CWebApplication->runController('users/store')
#13 C:\wamp\www\yii\framework\base\CApplication.php(180): CWebApplication->processRequest()
#14 C:\wamp\www\yii-validation\index.php(13): CApplication->run()
#15 {main}
REQUEST_URI=/yii-validation/users/store
HTTP_REFERER=http://localhost/yii-validation/users/create
---
2014/09/19 14:33:00 [error] [php] Undefined index: email (C:\wamp\www\yii-validation\protected\controllers\UsersController.php:68)
Stack trace:
#0 C:\wamp\www\yii\framework\web\filters\CFilterChain.php(133): UsersController->runAction()
#1 C:\wamp\www\yii\framework\web\filters\CFilter.php(40): CFilterChain->run()
#2 C:\wamp\www\yii\framework\web\CController.php(1145): CAccessControlFilter->filter()
#3 C:\wamp\www\yii\framework\web\filters\CInlineFilter.php(58): UsersController->filterAccessControl()
#4 C:\wamp\www\yii\framework\web\filters\CFilterChain.php(130): CInlineFilter->filter()
#5 C:\wamp\www\yii\framework\web\CController.php(291): CFilterChain->run()
#6 C:\wamp\www\yii\framework\web\CController.php(265): UsersController->runActionWithFilters()
#7 C:\wamp\www\yii\framework\web\CWebApplication.php(282): UsersController->run()
#8 C:\wamp\www\yii\framework\web\CWebApplication.php(141): CWebApplication->runController()
#9 C:\wamp\www\yii\framework\base\CApplication.php(180): CWebApplication->processRequest()
#10 C:\wamp\www\yii-validation\index.php(13): CWebApplication->run()
REQUEST_URI=/yii-validation/users/store
in C:\wamp\www\yii-validation\protected\controllers\UsersController.php (68)
in C:\wamp\www\yii-validation\index.php (13)
2014/09/19 14:33:32 [error] [php] Undefined index: email (C:\wamp\www\yii-validation\protected\controllers\UsersController.php:68)
Stack trace:
#0 C:\wamp\www\yii\framework\web\filters\CFilterChain.php(133): UsersController->runAction()
#1 C:\wamp\www\yii\framework\web\filters\CFilter.php(40): CFilterChain->run()
#2 C:\wamp\www\yii\framework\web\CController.php(1145): CAccessControlFilter->filter()
#3 C:\wamp\www\yii\framework\web\filters\CInlineFilter.php(58): UsersController->filterAccessControl()
#4 C:\wamp\www\yii\framework\web\filters\CFilterChain.php(130): CInlineFilter->filter()
#5 C:\wamp\www\yii\framework\web\CController.php(291): CFilterChain->run()
#6 C:\wamp\www\yii\framework\web\CController.php(265): UsersController->runActionWithFilters()
#7 C:\wamp\www\yii\framework\web\CWebApplication.php(282): UsersController->run()
#8 C:\wamp\www\yii\framework\web\CWebApplication.php(141): CWebApplication->runController()
#9 C:\wamp\www\yii\framework\base\CApplication.php(180): CWebApplication->processRequest()
#10 C:\wamp\www\yii-validation\index.php(13): CWebApplication->run()
REQUEST_URI=/yii-validation/users/store
in C:\wamp\www\yii-validation\protected\controllers\UsersController.php (68)
in C:\wamp\www\yii-validation\index.php (13)
2014/09/19 14:33:49 [error] [exception.CHttpException.404] exception 'CHttpException' with message 'Unable to resolve the request "assets/lib/bootstrap/less/mixins.less".' in C:\wamp\www\yii\framework\web\CWebApplication.php:286
Stack trace:
#0 C:\wamp\www\yii\framework\web\CWebApplication.php(141): CWebApplication->runController('assets/lib/boot...')
#1 C:\wamp\www\yii\framework\base\CApplication.php(180): CWebApplication->processRequest()
#2 C:\wamp\www\yii-validation\index.php(13): CApplication->run()
#3 {main}
REQUEST_URI=/yii-validation/assets/lib/bootstrap/less/mixins.less
HTTP_REFERER=http://localhost/yii-validation/users/create
---
2014/09/19 14:34:14 [error] [exception.CHttpException.404] exception 'CHttpException' with message 'Unable to resolve the request "assets/lib/bootstrap/less/mixins.less".' in C:\wamp\www\yii\framework\web\CWebApplication.php:286
Stack trace:
#0 C:\wamp\www\yii\framework\web\CWebApplication.php(141): CWebApplication->runController('assets/lib/boot...')
#1 C:\wamp\www\yii\framework\base\CApplication.php(180): CWebApplication->processRequest()
#2 C:\wamp\www\yii-validation\index.php(13): CApplication->run()
#3 {main}
REQUEST_URI=/yii-validation/assets/lib/bootstrap/less/mixins.less
HTTP_REFERER=http://localhost/yii-validation/users/104
---
2014/09/19 14:34:19 [error] [exception.CHttpException.404] exception 'CHttpException' with message 'Unable to resolve the request "assets/lib/bootstrap/less/mixins.less".' in C:\wamp\www\yii\framework\web\CWebApplication.php:286
Stack trace:
#0 C:\wamp\www\yii\framework\web\CWebApplication.php(141): CWebApplication->runController('assets/lib/boot...')
#1 C:\wamp\www\yii\framework\base\CApplication.php(180): CWebApplication->processRequest()
#2 C:\wamp\www\yii-validation\index.php(13): CApplication->run()
#3 {main}
REQUEST_URI=/yii-validation/assets/lib/bootstrap/less/mixins.less
HTTP_REFERER=http://localhost/yii-validation/users/admin
---
2014/09/19 14:34:31 [error] [exception.CHttpException.404] exception 'CHttpException' with message 'Unable to resolve the request "assets/lib/bootstrap/less/mixins.less".' in C:\wamp\www\yii\framework\web\CWebApplication.php:286
Stack trace:
#0 C:\wamp\www\yii\framework\web\CWebApplication.php(141): CWebApplication->runController('assets/lib/boot...')
#1 C:\wamp\www\yii\framework\base\CApplication.php(180): CWebApplication->processRequest()
#2 C:\wamp\www\yii-validation\index.php(13): CApplication->run()
#3 {main}
REQUEST_URI=/yii-validation/assets/lib/bootstrap/less/mixins.less
HTTP_REFERER=http://localhost/yii-validation/users/create
---
2014/09/19 14:34:35 [error] [exception.CHttpException.404] exception 'CHttpException' with message 'Unable to resolve the request "assets/lib/bootstrap/less/mixins.less".' in C:\wamp\www\yii\framework\web\CWebApplication.php:286
Stack trace:
#0 C:\wamp\www\yii\framework\web\CWebApplication.php(141): CWebApplication->runController('assets/lib/boot...')
#1 C:\wamp\www\yii\framework\base\CApplication.php(180): CWebApplication->processRequest()
#2 C:\wamp\www\yii-validation\index.php(13): CApplication->run()
#3 {main}
REQUEST_URI=/yii-validation/assets/lib/bootstrap/less/mixins.less
HTTP_REFERER=http://localhost/yii-validation/users/index
---
2014/09/19 14:38:11 [error] [exception.CHttpException.404] exception 'CHttpException' with message 'Unable to resolve the request "assets/lib/bootstrap/less/mixins.less".' in C:\wamp\www\yii\framework\web\CWebApplication.php:286
Stack trace:
#0 C:\wamp\www\yii\framework\web\CWebApplication.php(141): CWebApplication->runController('assets/lib/boot...')
#1 C:\wamp\www\yii\framework\base\CApplication.php(180): CWebApplication->processRequest()
#2 C:\wamp\www\yii-validation\index.php(13): CApplication->run()
#3 {main}
REQUEST_URI=/yii-validation/assets/lib/bootstrap/less/mixins.less
HTTP_REFERER=http://localhost/yii-validation/users/create
---
2014/09/19 14:47:38 [error] [exception.CHttpException.404] exception 'CHttpException' with message 'Unable to resolve the request "assets/lib/bootstrap/less/mixins.less".' in C:\wamp\www\yii\framework\web\CWebApplication.php:286
Stack trace:
#0 C:\wamp\www\yii\framework\web\CWebApplication.php(141): CWebApplication->runController('assets/lib/boot...')
#1 C:\wamp\www\yii\framework\base\CApplication.php(180): CWebApplication->processRequest()
#2 C:\wamp\www\yii-validation\index.php(13): CApplication->run()
#3 {main}
REQUEST_URI=/yii-validation/assets/lib/bootstrap/less/mixins.less
HTTP_REFERER=http://localhost/yii-validation/users/create
---
2014/09/19 14:48:32 [error] [exception.CHttpException.404] exception 'CHttpException' with message 'Unable to resolve the request "assets/lib/bootstrap/less/mixins.less".' in C:\wamp\www\yii\framework\web\CWebApplication.php:286
Stack trace:
#0 C:\wamp\www\yii\framework\web\CWebApplication.php(141): CWebApplication->runController('assets/lib/boot...')
#1 C:\wamp\www\yii\framework\base\CApplication.php(180): CWebApplication->processRequest()
#2 C:\wamp\www\yii-validation\index.php(13): CApplication->run()
#3 {main}
REQUEST_URI=/yii-validation/assets/lib/bootstrap/less/mixins.less
HTTP_REFERER=http://localhost/yii-validation/users/index
---
